# JRE version: OpenJDK Runtime Environment (8.0_242-b01) (build 1.8.0_242-release-1644-b01)
# Java VM: OpenJDK 64-Bit Server VM (25.242-b01 mixed mode windows-amd64 compressed oops)
Heap:
 PSYoungGen      total 587776K, used 566756K [0x00000000d5580000, 0x00000000f9e00000, 0x0000000100000000)
  eden space 579072K, 97% used [0x00000000d5580000,0x00000000f7d11198,0x00000000f8b00000)
  from space 8704K, 22% used [0x00000000f9580000,0x00000000f9768010,0x00000000f9e00000)
  to   space 9728K, 0% used [0x00000000f8b00000,0x00000000f8b00000,0x00000000f9480000)
 ParOldGen       total 158208K, used 39273K [0x0000000080000000, 0x0000000089a80000, 0x00000000d5580000)
  object space 158208K, 24% used [0x0000000080000000,0x000000008265a7d0,0x0000000089a80000)
 Metaspace       used 39978K, capacity 41952K, committed 42112K, reserved 1085440K
  class space    used 5558K, capacity 5958K, committed 6016K, reserved 1048576K
GC Heap History (10 events):
Event: 16.564 GC heap before
{Heap before GC invocations=46 (full 2):
 PSYoungGen      total 588800K, used 580738K [0x00000000d5580000, 0x00000000f9e00000, 0x0000000100000000)
  eden space 579072K, 100% used [0x00000000d5580000,0x00000000f8b00000,0x00000000f8b00000)
  from space 9728K, 17% used [0x00000000f8b00000,0x00000000f8ca09d8,0x00000000f9480000)
  to   space 8704K, 0% used [0x00000000f9580000,0x00000000f9580000,0x00000000f9e00000)
 ParOldGen       total 158208K, used 39273K [0x0000000080000000, 0x0000000089a80000, 0x00000000d5580000)
  object space 158208K, 24% used [0x0000000080000000,0x000000008265a7d0,0x0000000089a80000)
 Metaspace       used 39887K, capacity 41802K, committed 42112K, reserved 1085440K
  class space    used 5552K, capacity 5957K, committed 6016K, reserved 1048576K
Event: 16.567 GC heap after
Heap after GC invocations=46 (full 2):
 PSYoungGen      total 587776K, used 2752K [0x00000000d5580000, 0x00000000f9e00000, 0x0000000100000000)
  eden space 579072K, 0% used [0x00000000d5580000,0x00000000d5580000,0x00000000f8b00000)
  from space 8704K, 31% used [0x00000000f9580000,0x00000000f9830000,0x00000000f9e00000)
  to   space 9728K, 0% used [0x00000000f8b00000,0x00000000f8b00000,0x00000000f9480000)
 ParOldGen       total 158208K, used 39273K [0x0000000080000000, 0x0000000089a80000, 0x00000000d5580000)
  object space 158208K, 24% used [0x0000000080000000,0x000000008265a7d0,0x0000000089a80000)
 Metaspace       used 39887K, capacity 41802K, committed 42112K, reserved 1085440K
  class space    used 5552K, capacity 5957K, committed 6016K, reserved 1048576K
}
Event: 16.937 GC heap before
{Heap before GC invocations=47 (full 2):
 PSYoungGen      total 587776K, used 581824K [0x00000000d5580000, 0x00000000f9e00000, 0x0000000100000000)
  eden space 579072K, 100% used [0x00000000d5580000,0x00000000f8b00000,0x00000000f8b00000)
  from space 8704K, 31% used [0x00000000f9580000,0x00000000f9830000,0x00000000f9e00000)
  to   space 9728K, 0% used [0x00000000f8b00000,0x00000000f8b00000,0x00000000f9480000)
 ParOldGen       total 158208K, used 39273K [0x0000000080000000, 0x0000000089a80000, 0x00000000d5580000)
  object space 158208K, 24% used [0x0000000080000000,0x000000008265a7d0,0x0000000089a80000)
 Metaspace       used 39887K, capacity 41802K, committed 42112K, reserved 1085440K
  class space    used 5552K, capacity 5957K, committed 6016K, reserved 1048576K
Event: 16.940 GC heap after
Heap after GC invocations=47 (full 2):
 PSYoungGen      total 588800K, used 3908K [0x00000000d5580000, 0x00000000f9e00000, 0x0000000100000000)
  eden space 579072K, 0% used [0x00000000d5580000,0x00000000d5580000,0x00000000f8b00000)
  from space 9728K, 40% used [0x00000000f8b00000,0x00000000f8ed1320,0x00000000f9480000)
  to   space 8704K, 0% used [0x00000000f9580000,0x00000000f9580000,0x00000000f9e00000)
 ParOldGen       total 158208K, used 39273K [0x0000000080000000, 0x0000000089a80000, 0x00000000d5580000)
  object space 158208K, 24% used [0x0000000080000000,0x000000008265a7d0,0x0000000089a80000)
 Metaspace       used 39887K, capacity 41802K, committed 42112K, reserved 1085440K
  class space    used 5552K, capacity 5957K, committed 6016K, reserved 1048576K
}
Event: 17.299 GC heap before
{Heap before GC invocations=48 (full 2):
 PSYoungGen      total 588800K, used 582980K [0x00000000d5580000, 0x00000000f9e00000, 0x0000000100000000)
  eden space 579072K, 100% used [0x00000000d5580000,0x00000000f8b00000,0x00000000f8b00000)
  from space 9728K, 40% used [0x00000000f8b00000,0x00000000f8ed1320,0x00000000f9480000)
  to   space 8704K, 0% used [0x00000000f9580000,0x00000000f9580000,0x00000000f9e00000)
 ParOldGen       total 158208K, used 39273K [0x0000000080000000, 0x0000000089a80000, 0x00000000d5580000)
  object space 158208K, 24% used [0x0000000080000000,0x000000008265a7d0,0x0000000089a80000)
 Metaspace       used 39887K, capacity 41802K, committed 42112K, reserved 1085440K
  class space    used 5552K, capacity 5957K, committed 6016K, reserved 1048576K
Event: 17.303 GC heap after
Heap after GC invocations=48 (full 2):
 PSYoungGen      total 587776K, used 4882K [0x00000000d5580000, 0x00000000f9e00000, 0x0000000100000000)
  eden space 579072K, 0% used [0x00000000d5580000,0x00000000d5580000,0x00000000f8b00000)
  from space 8704K, 56% used [0x00000000f9580000,0x00000000f9a44a20,0x00000000f9e00000)
  to   space 9728K, 0% used [0x00000000f8b00000,0x00000000f8b00000,0x00000000f9480000)
 ParOldGen       total 158208K, used 39273K [0x0000000080000000, 0x0000000089a80000, 0x00000000d5580000)
  object space 158208K, 24% used [0x0000000080000000,0x000000008265a7d0,0x0000000089a80000)
 Metaspace       used 39887K, capacity 41802K, committed 42112K, reserved 1085440K
  class space    used 5552K, capacity 5957K, committed 6016K, reserved 1048576K
}
Event: 17.695 GC heap before
{Heap before GC invocations=49 (full 2):
 PSYoungGen      total 587776K, used 583954K [0x00000000d5580000, 0x00000000f9e00000, 0x0000000100000000)
  eden space 579072K, 100% used [0x00000000d5580000,0x00000000f8b00000,0x00000000f8b00000)
  from space 8704K, 56% used [0x00000000f9580000,0x00000000f9a44a20,0x00000000f9e00000)
  to   space 9728K, 0% used [0x00000000f8b00000,0x00000000f8b00000,0x00000000f9480000)
 ParOldGen       total 158208K, used 39273K [0x0000000080000000, 0x0000000089a80000, 0x00000000d5580000)
  object space 158208K, 24% used [0x0000000080000000,0x000000008265a7d0,0x0000000089a80000)
 Metaspace       used 39887K, capacity 41802K, committed 42112K, reserved 1085440K
  class space    used 5552K, capacity 5957K, committed 6016K, reserved 1048576K
Event: 17.699 GC heap after
Heap after GC invocations=49 (full 2):
 PSYoungGen      total 588800K, used 5728K [0x00000000d5580000, 0x00000000f9e00000, 0x0000000100000000)
  eden space 579072K, 0% used [0x00000000d5580000,0x00000000d5580000,0x00000000f8b00000)
  from space 9728K, 58% used [0x00000000f8b00000,0x00000000f9098010,0x00000000f9480000)
  to   space 8704K, 0% used [0x00000000f9580000,0x00000000f9580000,0x00000000f9e00000)
 ParOldGen       total 158208K, used 39273K [0x0000000080000000, 0x0000000089a80000, 0x00000000d5580000)
  object space 158208K, 24% used [0x0000000080000000,0x000000008265a7d0,0x0000000089a80000)
 Metaspace       used 39887K, capacity 41802K, committed 42112K, reserved 1085440K
  class space    used 5552K, capacity 5957K, committed 6016K, reserved 1048576K
}
Event: 18.985 GC heap before
{Heap before GC invocations=50 (full 2):
 PSYoungGen      total 588800K, used 584800K [0x00000000d5580000, 0x00000000f9e00000, 0x0000000100000000)
  eden space 579072K, 100% used [0x00000000d5580000,0x00000000f8b00000,0x00000000f8b00000)
  from space 9728K, 58% used [0x00000000f8b00000,0x00000000f9098010,0x00000000f9480000)
  to   space 8704K, 0% used [0x00000000f9580000,0x00000000f9580000,0x00000000f9e00000)
 ParOldGen       total 158208K, used 39273K [0x0000000080000000, 0x0000000089a80000, 0x00000000d5580000)
  object space 158208K, 24% used [0x0000000080000000,0x000000008265a7d0,0x0000000089a80000)
 Metaspace       used 39907K, capacity 41814K, committed 42112K, reserved 1085440K
  class space    used 5552K, capacity 5957K, committed 6016K, reserved 1048576K
Event: 18.987 GC heap after
Heap after GC invocations=50 (full 2):
 PSYoungGen      total 587776K, used 1952K [0x00000000d5580000, 0x00000000f9e00000, 0x0000000100000000)
  eden space 579072K, 0% used [0x00000000d5580000,0x00000000d5580000,0x00000000f8b00000)
  from space 8704K, 22% used [0x00000000f9580000,0x00000000f9768010,0x00000000f9e00000)
  to   space 9728K, 0% used [0x00000000f8b00000,0x00000000f8b00000,0x00000000f9480000)
 ParOldGen       total 158208K, used 39273K [0x0000000080000000, 0x0000000089a80000, 0x00000000d5580000)
  object space 158208K, 24% used [0x0000000080000000,0x000000008265a7d0,0x0000000089a80000)
 Metaspace       used 39907K, capacity 41814K, committed 42112K, reserved 1085440K
  class space    used 5552K, capacity 5957K, committed 6016K, reserved 1048576K
}

