# JRE version: OpenJDK Runtime Environment (8.0_242-b01) (build 1.8.0_242-release-1644-b01)
# Java VM: OpenJDK 64-Bit Server VM (25.242-b01 mixed mode windows-amd64 compressed oops)
Heap:
 PSYoungGen      total 674304K, used 138432K [0x00000000d5580000, 0x00000000fff80000, 0x0000000100000000)
  eden space 652800K, 21% used [0x00000000d5580000,0x00000000ddcb02f8,0x00000000fd300000)
  from space 21504K, 0% used [0x00000000fe880000,0x00000000fe880000,0x00000000ffd80000)
  to   space 22016K, 0% used [0x00000000fd300000,0x00000000fd300000,0x00000000fe880000)
 ParOldGen       total 350720K, used 152655K [0x0000000080000000, 0x0000000095680000, 0x00000000d5580000)
  object space 350720K, 43% used [0x0000000080000000,0x0000000089513e80,0x0000000095680000)
 Metaspace       used 162780K, capacity 171506K, committed 171776K, reserved 1198080K
  class space    used 20881K, capacity 22439K, committed 22528K, reserved 1048576K
GC Heap History (10 events):
Event: 741.355 GC heap before
{Heap before GC invocations=83 (full 4):
 PSYoungGen      total 667648K, used 642976K [0x00000000d5580000, 0x00000000ffb80000, 0x0000000100000000)
  eden space 642048K, 100% used [0x00000000d5580000,0x00000000fc880000,0x00000000fc880000)
  from space 25600K, 3% used [0x00000000fe280000,0x00000000fe368010,0x00000000ffb80000)
  to   space 26112K, 0% used [0x00000000fc880000,0x00000000fc880000,0x00000000fe200000)
 ParOldGen       total 350720K, used 310108K [0x0000000080000000, 0x0000000095680000, 0x00000000d5580000)
  object space 350720K, 88% used [0x0000000080000000,0x0000000092ed7008,0x0000000095680000)
 Metaspace       used 149976K, capacity 158260K, committed 158336K, reserved 1187840K
  class space    used 19092K, capacity 20568K, committed 20608K, reserved 1048576K
Event: 741.359 GC heap after
Heap after GC invocations=83 (full 4):
 PSYoungGen      total 668160K, used 928K [0x00000000d5580000, 0x00000000ffd80000, 0x0000000100000000)
  eden space 642048K, 0% used [0x00000000d5580000,0x00000000d5580000,0x00000000fc880000)
  from space 26112K, 3% used [0x00000000fc880000,0x00000000fc968000,0x00000000fe200000)
  to   space 24576K, 0% used [0x00000000fe580000,0x00000000fe580000,0x00000000ffd80000)
 ParOldGen       total 350720K, used 310876K [0x0000000080000000, 0x0000000095680000, 0x00000000d5580000)
  object space 350720K, 88% used [0x0000000080000000,0x0000000092f97018,0x0000000095680000)
 Metaspace       used 149976K, capacity 158260K, committed 158336K, reserved 1187840K
  class space    used 19092K, capacity 20568K, committed 20608K, reserved 1048576K
}
Event: 741.701 GC heap before
{Heap before GC invocations=84 (full 4):
 PSYoungGen      total 668160K, used 642976K [0x00000000d5580000, 0x00000000ffd80000, 0x0000000100000000)
  eden space 642048K, 100% used [0x00000000d5580000,0x00000000fc880000,0x00000000fc880000)
  from space 26112K, 3% used [0x00000000fc880000,0x00000000fc968000,0x00000000fe200000)
  to   space 24576K, 0% used [0x00000000fe580000,0x00000000fe580000,0x00000000ffd80000)
 ParOldGen       total 350720K, used 310876K [0x0000000080000000, 0x0000000095680000, 0x00000000d5580000)
  object space 350720K, 88% used [0x0000000080000000,0x0000000092f97018,0x0000000095680000)
 Metaspace       used 149976K, capacity 158260K, committed 158336K, reserved 1187840K
  class space    used 19092K, capacity 20568K, committed 20608K, reserved 1048576K
Event: 741.705 GC heap after
Heap after GC invocations=84 (full 4):
 PSYoungGen      total 670720K, used 914K [0x00000000d5580000, 0x00000000ffb80000, 0x0000000100000000)
  eden space 648192K, 0% used [0x00000000d5580000,0x00000000d5580000,0x00000000fce80000)
  from space 22528K, 4% used [0x00000000fe580000,0x00000000fe6648a8,0x00000000ffb80000)
  to   space 23040K, 0% used [0x00000000fce80000,0x00000000fce80000,0x00000000fe500000)
 ParOldGen       total 350720K, used 311652K [0x0000000080000000, 0x0000000095680000, 0x00000000d5580000)
  object space 350720K, 88% used [0x0000000080000000,0x0000000093059018,0x0000000095680000)
 Metaspace       used 149976K, capacity 158260K, committed 158336K, reserved 1187840K
  class space    used 19092K, capacity 20568K, committed 20608K, reserved 1048576K
}
Event: 743.614 GC heap before
{Heap before GC invocations=85 (full 4):
 PSYoungGen      total 670720K, used 649106K [0x00000000d5580000, 0x00000000ffb80000, 0x0000000100000000)
  eden space 648192K, 100% used [0x00000000d5580000,0x00000000fce80000,0x00000000fce80000)
  from space 22528K, 4% used [0x00000000fe580000,0x00000000fe6648a8,0x00000000ffb80000)
  to   space 23040K, 0% used [0x00000000fce80000,0x00000000fce80000,0x00000000fe500000)
 ParOldGen       total 350720K, used 311652K [0x0000000080000000, 0x0000000095680000, 0x00000000d5580000)
  object space 350720K, 88% used [0x0000000080000000,0x0000000093059018,0x0000000095680000)
 Metaspace       used 149976K, capacity 158260K, committed 158336K, reserved 1187840K
  class space    used 19092K, capacity 20568K, committed 20608K, reserved 1048576K
Event: 743.618 GC heap after
Heap after GC invocations=85 (full 4):
 PSYoungGen      total 671232K, used 544K [0x00000000d5580000, 0x00000000ffd80000, 0x0000000100000000)
  eden space 648192K, 0% used [0x00000000d5580000,0x00000000d5580000,0x00000000fce80000)
  from space 23040K, 2% used [0x00000000fce80000,0x00000000fcf08000,0x00000000fe500000)
  to   space 21504K, 0% used [0x00000000fe880000,0x00000000fe880000,0x00000000ffd80000)
 ParOldGen       total 350720K, used 311956K [0x0000000080000000, 0x0000000095680000, 0x00000000d5580000)
  object space 350720K, 88% used [0x0000000080000000,0x00000000930a5018,0x0000000095680000)
 Metaspace       used 149976K, capacity 158260K, committed 158336K, reserved 1187840K
  class space    used 19092K, capacity 20568K, committed 20608K, reserved 1048576K
}
Event: 744.207 GC heap before
{Heap before GC invocations=86 (full 4):
 PSYoungGen      total 671232K, used 100530K [0x00000000d5580000, 0x00000000ffd80000, 0x0000000100000000)
  eden space 648192K, 15% used [0x00000000d5580000,0x00000000db7248a8,0x00000000fce80000)
  from space 23040K, 2% used [0x00000000fce80000,0x00000000fcf08000,0x00000000fe500000)
  to   space 21504K, 0% used [0x00000000fe880000,0x00000000fe880000,0x00000000ffd80000)
 ParOldGen       total 350720K, used 311956K [0x0000000080000000, 0x0000000095680000, 0x00000000d5580000)
  object space 350720K, 88% used [0x0000000080000000,0x00000000930a5018,0x0000000095680000)
 Metaspace       used 155612K, capacity 164020K, committed 164224K, reserved 1191936K
  class space    used 19789K, capacity 21282K, committed 21376K, reserved 1048576K
Event: 744.213 GC heap after
Heap after GC invocations=86 (full 4):
 PSYoungGen      total 674304K, used 9654K [0x00000000d5580000, 0x00000000fff80000, 0x0000000100000000)
  eden space 652800K, 0% used [0x00000000d5580000,0x00000000d5580000,0x00000000fd300000)
  from space 21504K, 44% used [0x00000000fe880000,0x00000000ff1ed928,0x00000000ffd80000)
  to   space 22016K, 0% used [0x00000000fd300000,0x00000000fd300000,0x00000000fe880000)
 ParOldGen       total 350720K, used 312196K [0x0000000080000000, 0x0000000095680000, 0x00000000d5580000)
  object space 350720K, 89% used [0x0000000080000000,0x00000000930e1028,0x0000000095680000)
 Metaspace       used 155612K, capacity 164020K, committed 164224K, reserved 1191936K
  class space    used 19789K, capacity 21282K, committed 21376K, reserved 1048576K
}
Event: 744.213 GC heap before
{Heap before GC invocations=87 (full 5):
 PSYoungGen      total 674304K, used 9654K [0x00000000d5580000, 0x00000000fff80000, 0x0000000100000000)
  eden space 652800K, 0% used [0x00000000d5580000,0x00000000d5580000,0x00000000fd300000)
  from space 21504K, 44% used [0x00000000fe880000,0x00000000ff1ed928,0x00000000ffd80000)
  to   space 22016K, 0% used [0x00000000fd300000,0x00000000fd300000,0x00000000fe880000)
 ParOldGen       total 350720K, used 312196K [0x0000000080000000, 0x0000000095680000, 0x00000000d5580000)
  object space 350720K, 89% used [0x0000000080000000,0x00000000930e1028,0x0000000095680000)
 Metaspace       used 155612K, capacity 164020K, committed 164224K, reserved 1191936K
  class space    used 19789K, capacity 21282K, committed 21376K, reserved 1048576K
Event: 744.632 GC heap after
Heap after GC invocations=87 (full 5):
 PSYoungGen      total 674304K, used 0K [0x00000000d5580000, 0x00000000fff80000, 0x0000000100000000)
  eden space 652800K, 0% used [0x00000000d5580000,0x00000000d5580000,0x00000000fd300000)
  from space 21504K, 0% used [0x00000000fe880000,0x00000000fe880000,0x00000000ffd80000)
  to   space 22016K, 0% used [0x00000000fd300000,0x00000000fd300000,0x00000000fe880000)
 ParOldGen       total 350720K, used 152655K [0x0000000080000000, 0x0000000095680000, 0x00000000d5580000)
  object space 350720K, 43% used [0x0000000080000000,0x0000000089513e80,0x0000000095680000)
 Metaspace       used 155467K, capacity 163666K, committed 164224K, reserved 1191936K
  class space    used 19737K, capacity 21179K, committed 21376K, reserved 1048576K
}

